21:31:35.857 INFO  Starting... 
21:34:23.167 INFO  Starting... 
21:36:15.761 INFO  Starting... 
21:38:22.869 INFO  Setup took 9.202s 
21:38:23.889 INFO  window check: 1w 
21:38:28.452 INFO  8659, took: 5.572s, bids present 
21:38:29.458 INFO  window check: 1w 
21:38:44.939 INFO  8660, took: 16.486s, bid set: 0.2E, total: 1 bids, 1w 
21:38:45.945 INFO  window check: 1w 
21:40:03.156 INFO  Setup took 9.561s 
21:51:45.075 INFO  Setup took 9.827s 
21:51:46.098 INFO  window check: 1w 
21:52:01.577 INFO  8661, took: 16.492s, bid set: 0.2E, total: 1 bids, 1w 
21:52:02.585 INFO  window check: 1w 
21:52:27.797 INFO  Setup took 9.298s 
21:52:28.819 INFO  window check: 1w 
21:52:44.298 INFO  Error: 8662 
21:52:45.335 INFO  window check: 1w 
21:53:30.908 INFO  Setup took 9.491s 
21:53:31.929 INFO  window check: 1w 
21:55:37.793 INFO  Setup took 9.748s 
21:55:38.816 INFO  window check: 1w 
21:55:42.920 INFO  8663, took: 5.116s, bids present 
21:55:43.926 INFO  window check: 1w 
21:55:59.392 INFO  8664, took: 16.472s, bid set: 0.2E, total: 1 bids, 1w 
21:56:00.398 INFO  window check: 1w 
21:59:36.850 INFO  Setup took 9.572s 
21:59:37.873 INFO  window check: 1w 
22:00:45.882 INFO  Setup took 9.455s 
22:00:46.905 INFO  window check: 1w 
22:00:50.951 INFO  8665, took: 5.058s, bids present 
22:00:51.958 INFO  window check: 1w 
22:01:07.628 INFO  8666, took: 16.678s, bid set: 0.2E, total: 1 bids, 1w 
22:01:08.634 INFO  window check: 1w 
22:03:58.182 INFO  Setup took 9.474s 
22:03:59.206 INFO  window check: 1w 
22:04:15.251 INFO  8667, took: 17.059s, bid set: 0.2E, total: 1 bids, 1w 
22:04:16.256 INFO  window check: 1w 
22:04:31.765 INFO  8668, took: 16.514s, bid set: 0.2E, total: 2 bids, 1w 
22:04:32.774 INFO  window check: 1w 
22:06:55.054 INFO  Setup took 9.694s 
22:06:56.077 INFO  window check: 1w 
22:07:12.648 INFO  8669, took: 17.584s, bid set: 0.2E, total: 1 bids, 1w 
22:07:13.654 INFO  window check: 1w 
22:09:53.191 INFO  Setup took 9.56s 
22:09:54.213 INFO  window check: 1w 
22:10:07.600 INFO  8670, took: 14.397s, bids present 
22:10:08.609 INFO  window check: 1w 
22:10:21.117 INFO  8671, took: 13.517s, bids present 
22:10:22.127 INFO  window check: 1w 
22:10:28.343 INFO  8672, took: 7.226s, bids present 
22:10:29.356 INFO  window check: 1w 
22:12:17.543 INFO  Setup took 9.568s 
22:12:18.565 INFO  window check: 1w 
22:12:33.179 INFO  8673, took: 15.625s, bid set: 0.2E, total: 1 bids, 1w 
22:12:34.185 INFO  window check: 1w 
22:12:56.099 INFO  Setup took 9.43s 
22:12:57.125 INFO  window check: 1w 
22:13:01.517 INFO  8674, took: 5.407s, 404 
22:13:02.524 INFO  window check: 1w 
22:13:06.562 INFO  8675, took: 5.046s, 404 
22:13:07.572 INFO  window check: 1w 
22:13:14.786 INFO  8676, took: 8.224s, bids present 
22:13:15.795 INFO  window check: 1w 
22:13:55.001 INFO  Setup took 9.08s 
22:13:56.024 INFO  window check: 1w 
22:14:11.595 INFO  8677, took: 16.583s, bid set: 0.2E, total: 1 bids, 1w 
22:14:12.601 INFO  window check: 1w 
22:14:19.855 INFO  8678, took: 8.26s, bids present 
22:14:20.865 INFO  window check: 1w 
22:14:24.921 INFO  8679, took: 5.067s, 404 
22:14:25.931 INFO  window check: 1w 
22:14:29.969 INFO  8680, took: 5.046s, 404 
22:14:30.977 INFO  window check: 1w 
22:14:46.597 INFO  8681, took: 16.628s, bid set: 0.2E, total: 2 bids, 1w 
22:14:47.603 INFO  window check: 1w 
